<?xml version="1.0" encoding="UTF-8"?>
<testsuite xmlns:xsi="http://www.w3.org/2001/XMLSchema-instance" xsi:noNamespaceSchemaLocation="https://maven.apache.org/surefire/maven-surefire-plugin/xsd/surefire-test-report.xsd" version="3.0.2" name="com.aicodeassistant.verify.VerifyJourneyEdgeCaseTest" time="14.806" tests="21" errors="0" skipped="0" failures="0">
  <properties>
[...]
</properties>
  <testcase name="testEvidenceStoreSaveThrows_doesNotCrashTool" classname="com.aicodeassistant.verify.VerifyJourneyEdgeCaseTest" time="13.432">
    <system-out><![CDATA[2026-09-25 09:50:35.020 &amp#27;[33mWARN &amp#27;[m [main] [sid=- rid=- prid=- agent=- turn=- tool=- llm=-] &amp#27;[36mcom.aicodeassistant.tool.verify.VerifyJourneyTool&amp#27;[m - VerifyJourney failed: errorType=RuntimeException, errorLength=18, errorFingerprint=cc8aa6e073fd2da63608aeaeb117a39e49f9519a522f718bcdfbca4db5ca083e
2026-09-25 09:50:35.067 &amp#27;[33mWARN &amp#27;[m [main] [sid=- rid=- prid=- agent=- turn=- tool=- llm=-] &amp#27;[36mcom.aicodeassistant.tool.verify.VerifyJourneyTool&amp#27;[m - Browser cleanup unconfirmed for resource rv-3fcd534b-74c3-4131-ac68-57651959d025; TTL remains a fallback
]]></system-out>
  </testcase>
  <testcase name="testStompPushThrows_doesNotAffectVerdict" classname="com.aicodeassistant.verify.VerifyJourneyEdgeCaseTest" time="0.164">
    <system-out><![CDATA[2026-09-25 09:50:35.218 &amp#27;[33mWARN &amp#27;[m [main] [sid=- rid=- prid=- agent=- turn=- tool=- llm=-] &amp#27;[36mcom.aicodeassistant.tool.verify.VerifyJourneyTool&amp#27;[m - Failed to push verification_result via STOMP: STOMP broker disconnected
2026-09-25 09:50:35.235 &amp#27;[32mINFO &amp#27;[m [main] [sid=- rid=- prid=- agent=- turn=- tool=- llm=-] &amp#27;[36mcom.aicodeassistant.tool.verify.VerifyJourneyTool&amp#27;[m - [RV-METRICS] verify_journey_passed session=session-edge steps=1 timestamp=2026-09-25T01:50:35.230082Z
2026-09-25 09:50:35.323 &amp#27;[33mWARN &amp#27;[m [main] [sid=- rid=- prid=- agent=- turn=- tool=- llm=-] &amp#27;[36mcom.aicodeassistant.tool.verify.VerifyJourneyTool&amp#27;[m - Browser cleanup unconfirmed for resource rv-2a0b4e84-7c47-44fb-9c7a-553ad04eb7f3; TTL remains a fallback
]]></system-out>
  </testcase>
  <testcase name="testPortAlreadyInUse_returnsError" classname="com.aicodeassistant.verify.VerifyJourneyEdgeCaseTest" time="0.038">
    <system-out><![CDATA[2026-09-25 09:50:35.371 &amp#27;[33mWARN &amp#27;[m [main] [sid=- rid=- prid=- agent=- turn=- tool=- llm=-] &amp#27;[36mcom.aicodeassistant.tool.verify.VerifyJourneyTool&amp#27;[m - VerifyJourney failed: errorType=RuntimeException, errorLength=70, errorFingerprint=5ab6289f07919414df304eb67ca9dc21e6ba888b621ac616f73b4795aad65398
2026-09-25 09:50:35.371 &amp#27;[33mWARN &amp#27;[m [main] [sid=- rid=- prid=- agent=- turn=- tool=- llm=-] &amp#27;[36mcom.aicodeassistant.tool.verify.VerifyJourneyTool&amp#27;[m - Browser cleanup unconfirmed for resource rv-3965bde9-4a9d-496b-bca7-50d45a646227; TTL remains a fallback
]]></system-out>
  </testcase>
  <testcase name="testPythonReturnsInvalidJson_treatedAsFailure" classname="com.aicodeassistant.verify.VerifyJourneyEdgeCaseTest" time="0.02">
    <system-out><![CDATA[2026-09-25 09:50:35.397 &amp#27;[32mINFO &amp#27;[m [main] [sid=- rid=- prid=- agent=- turn=- tool=- llm=-] &amp#27;[36mcom.aicodeassistant.tool.verify.VerifyJourneyTool&amp#27;[m - [RV-METRICS] verify_journey_failed session=session-edge step=-1/1 action=unknown category=TIMEOUT passed=0 timestamp=2026-09-25T01:50:35.397726Z errorLength=37 errorFingerprint=3482396bc76f64047f286a68cfafa407faf01799f6182ae5d70020ffada5c628
2026-09-25 09:50:35.399 &amp#27;[33mWARN &amp#27;[m [main] [sid=- rid=- prid=- agent=- turn=- tool=- llm=-] &amp#27;[36mcom.aicodeassistant.tool.verify.VerifyJourneyTool&amp#27;[m - Browser cleanup unconfirmed for resource rv-a12c3a05-0177-4fb0-a10c-b932af1f10f0; TTL remains a fallback
]]></system-out>
  </testcase>
  <testcase name="testVerificationTimeout_returnsErrorWithoutBlocking" classname="com.aicodeassistant.verify.VerifyJourneyEdgeCaseTest" time="0.012">
    <system-out><![CDATA[2026-09-25 09:50:35.419 &amp#27;[32mINFO &amp#27;[m [main] [sid=- rid=- prid=- agent=- turn=- tool=- llm=-] &amp#27;[36mcom.aicodeassistant.tool.verify.VerifyJourneyTool&amp#27;[m - [RV-METRICS] verify_journey_failed session=session-edge step=-1/1 action=unknown category=TIMEOUT passed=0 timestamp=2026-09-25T01:50:35.419095Z errorLength=37 errorFingerprint=3482396bc76f64047f286a68cfafa407faf01799f6182ae5d70020ffada5c628
2026-09-25 09:50:35.420 &amp#27;[33mWARN &amp#27;[m [main] [sid=- rid=- prid=- agent=- turn=- tool=- llm=-] &amp#27;[36mcom.aicodeassistant.tool.verify.VerifyJourneyTool&amp#27;[m - Browser cleanup unconfirmed for resource rv-e92b7020-6a70-43a2-839f-3f8d5197a780; TTL remains a fallback
]]></system-out>
  </testcase>
  <testcase name="explicitBrowserPortIsUsedForServerReadiness" classname="com.aicodeassistant.verify.VerifyJourneyEdgeCaseTest" time="0.059">
    <system-out><![CDATA[2026-09-25 09:50:35.455 &amp#27;[32mINFO &amp#27;[m [main] [sid=- rid=- prid=- agent=- turn=- tool=- llm=-] &amp#27;[36mcom.aicodeassistant.tool.verify.VerifyJourneyTool&amp#27;[m - [RV-METRICS] verify_journey_passed session=session-edge steps=1 timestamp=2026-09-25T01:50:35.454987Z
2026-09-25 09:50:35.456 &amp#27;[33mWARN &amp#27;[m [main] [sid=- rid=- prid=- agent=- turn=- tool=- llm=-] &amp#27;[36mcom.aicodeassistant.tool.verify.VerifyJourneyTool&amp#27;[m - Browser cleanup unconfirmed for resource rv-a8599703-36ec-49b4-973f-7e77476a6431; TTL remains a fallback
]]></system-out>
  </testcase>
  <testcase name="testNpmInstallTimeout_returnsError" classname="com.aicodeassistant.verify.VerifyJourneyEdgeCaseTest" time="0.093">
    <system-out><![CDATA[2026-09-25 09:50:35.569 &amp#27;[33mWARN &amp#27;[m [main] [sid=- rid=- prid=- agent=- turn=- tool=- llm=-] &amp#27;[36mcom.aicodeassistant.tool.verify.VerifyJourneyTool&amp#27;[m - VerifyJourney failed: errorType=RuntimeException, errorLength=32, errorFingerprint=ef494c8da7df98ec2e50ceeeb6eecbee2ef6c30194339945b23a6b3903c36111
2026-09-25 09:50:35.572 &amp#27;[33mWARN &amp#27;[m [main] [sid=- rid=- prid=- agent=- turn=- tool=- llm=-] &amp#27;[36mcom.aicodeassistant.tool.verify.VerifyJourneyTool&amp#27;[m - Browser cleanup unconfirmed for resource rv-fd1a0092-1c1c-4e1c-bf74-3f0844b64b59; TTL remains a fallback
]]></system-out>
  </testcase>
  <testcase name="testDevServerStopThrows_inFinally_doesNotAffectResult" classname="com.aicodeassistant.verify.VerifyJourneyEdgeCaseTest" time="0.03">
    <system-out><![CDATA[2026-09-25 09:50:35.605 &amp#27;[32mINFO &amp#27;[m [main] [sid=- rid=- prid=- agent=- turn=- tool=- llm=-] &amp#27;[36mcom.aicodeassistant.tool.verify.VerifyJourneyTool&amp#27;[m - [RV-METRICS] verify_journey_passed session=session-edge steps=1 timestamp=2026-09-25T01:50:35.605013Z
2026-09-25 09:50:35.609 &amp#27;[33mWARN &amp#27;[m [main] [sid=- rid=- prid=- agent=- turn=- tool=- llm=-] &amp#27;[36mcom.aicodeassistant.tool.verify.VerifyJourneyTool&amp#27;[m - Failed to stop dev server pid=99999: kill -9 failed: permission denied
2026-09-25 09:50:35.609 &amp#27;[33mWARN &amp#27;[m [main] [sid=- rid=- prid=- agent=- turn=- tool=- llm=-] &amp#27;[36mcom.aicodeassistant.tool.verify.VerifyJourneyTool&amp#27;[m - Browser cleanup unconfirmed for resource rv-357629c3-4204-407d-9571-a829b6ffca90; TTL remains a fallback
]]></system-out>
  </testcase>
  <testcase name="testOversizedJourney_isPassedThroughToVerifier" classname="com.aicodeassistant.verify.VerifyJourneyEdgeCaseTest" time="0.128">
    <system-out><![CDATA[2026-09-25 09:50:35.726 &amp#27;[32mINFO &amp#27;[m [main] [sid=- rid=- prid=- agent=- turn=- tool=- llm=-] &amp#27;[36mcom.aicodeassistant.tool.verify.VerifyJourneyTool&amp#27;[m - [RV-METRICS] verify_journey_passed session=session-large steps=1000 timestamp=2026-09-25T01:50:35.726053Z
]]></system-out>
  </testcase>
  <testcase name="testStartCommandNotFound_returnsError" classname="com.aicodeassistant.verify.VerifyJourneyEdgeCaseTest" time="0.023">
    <system-out><![CDATA[2026-09-25 09:50:35.752 &amp#27;[33mWARN &amp#27;[m [main] [sid=- rid=- prid=- agent=- turn=- tool=- llm=-] &amp#27;[36mcom.aicodeassistant.tool.verify.VerifyJourneyTool&amp#27;[m - VerifyJourney failed: errorType=RuntimeException, errorLength=72, errorFingerprint=0bbb87df359ca3b7b55c8ebbc290ed17a270ff2d43351c175ebe8f294153e754
2026-09-25 09:50:35.756 &amp#27;[33mWARN &amp#27;[m [main] [sid=- rid=- prid=- agent=- turn=- tool=- llm=-] &amp#27;[36mcom.aicodeassistant.tool.verify.VerifyJourneyTool&amp#27;[m - Browser cleanup unconfirmed for resource rv-15421d90-3121-4403-91bc-7b74ac42442d; TTL remains a fallback
]]></system-out>
  </testcase>
  <testcase name="testMalformedPackageJson_returnsUnknown" classname="com.aicodeassistant.verify.VerifyJourneyEdgeCaseTest" time="0.068">
    <system-out><![CDATA[2026-09-25 09:50:35.830 &amp#27;[33mWARN &amp#27;[m [main] [sid=- rid=- prid=- agent=- turn=- tool=- llm=-] &amp#27;[36mcom.aicodeassistant.verify.PreviewStackDetector&amp#27;[m - Failed to read package.json for stack detection: Unexpected character ('t' (code 116)): was expecting double-quote to start field name
 at [Source: REDACTED (`StreamReadFeature.INCLUDE_SOURCE_IN_LOCATION` disabled); line: 1, column: 3]
]]></system-out>
  </testcase>
  <testcase name="testHttpPollingTimeout_returnsTimeoutErrorWithLogTail" classname="com.aicodeassistant.verify.VerifyJourneyEdgeCaseTest" time="0.051">
    <system-out><![CDATA[2026-09-25 09:50:35.864 &amp#27;[33mWARN &amp#27;[m [main] [sid=- rid=- prid=- agent=- turn=- tool=- llm=-] &amp#27;[36mcom.aicodeassistant.tool.verify.VerifyJourneyTool&amp#27;[m - Browser cleanup unconfirmed for resource rv-9d4a1859-adf6-40da-8cb5-31ee06e7de16; TTL remains a fallback
]]></system-out>
  </testcase>
  <testcase name="testHttpApiCapabilityUnavailable_returnsSuccessGracefulSkip" classname="com.aicodeassistant.verify.VerifyJourneyEdgeCaseTest" time="0.003"/>
  <testcase name="httpStartCommandIsRejectedWithoutExecutingAnything" classname="com.aicodeassistant.verify.VerifyJourneyEdgeCaseTest" time="0.012"/>
  <testcase name="testBrowserCapabilityUnavailable_returnsSuccessGracefulSkip" classname="com.aicodeassistant.verify.VerifyJourneyEdgeCaseTest" time="0.007"/>
  <testcase name="concurrentJourneysKeepBusinessSessionButOwnDistinctSnapshotAndCloseIds" classname="com.aicodeassistant.verify.VerifyJourneyEdgeCaseTest" time="0.083">
    <system-out><![CDATA[2026-09-25 09:50:36.012 &amp#27;[32mINFO &amp#27;[m [pool-3-thread-2] [sid=- rid=- prid=- agent=- turn=- tool=- llm=-] &amp#27;[36mcom.aicodeassistant.tool.verify.VerifyJourneyTool&amp#27;[m - [RV-METRICS] verify_journey_failed session=session-edge step=-1/1 action=unknown category=OTHER passed=0 timestamp=2026-09-25T01:50:36.012522Z errorLength=14 errorFingerprint=a3f6d3a90dc275723d47a5034fa3e32d2b10ad443c57851970c183a0293e7e2b
2026-09-25 09:50:36.019 &amp#27;[32mINFO &amp#27;[m [pool-3-thread-1] [sid=- rid=- prid=- agent=- turn=- tool=- llm=-] &amp#27;[36mcom.aicodeassistant.tool.verify.VerifyJourneyTool&amp#27;[m - [RV-METRICS] verify_journey_failed session=session-edge step=-1/1 action=unknown category=OTHER passed=0 timestamp=2026-09-25T01:50:36.019620Z errorLength=14 errorFingerprint=a3f6d3a90dc275723d47a5034fa3e32d2b10ad443c57851970c183a0293e7e2b
]]></system-out>
  </testcase>
  <testcase name="testNoPackageJson_returnsUnknownStackAndSkips" classname="com.aicodeassistant.verify.VerifyJourneyEdgeCaseTest" time="0.003"/>
  <testcase name="testEmptyJourneySteps_returnsError" classname="com.aicodeassistant.verify.VerifyJourneyEdgeCaseTest" time="0.011"/>
  <testcase name="invalidManagedBaseUrlIsRejectedBeforeStartingServer" classname="com.aicodeassistant.verify.VerifyJourneyEdgeCaseTest" time="0.047">
    <system-out><![CDATA[2026-09-25 09:50:36.066 &amp#27;[33mWARN &amp#27;[m [main] [sid=- rid=- prid=- agent=- turn=- tool=- llm=-] &amp#27;[36mcom.aicodeassistant.tool.verify.VerifyJourneyTool&amp#27;[m - Browser cleanup unconfirmed for resource rv-6c63234b-bb3a-47f8-ae9e-f90300e02d5b; TTL remains a fallback
2026-09-25 09:50:36.068 &amp#27;[33mWARN &amp#27;[m [main] [sid=- rid=- prid=- agent=- turn=- tool=- llm=-] &amp#27;[36mcom.aicodeassistant.tool.verify.VerifyJourneyTool&amp#27;[m - Browser cleanup unconfirmed for resource rv-33a232d6-4bf8-4256-902f-fd8a0e1e7aa0; TTL remains a fallback
2026-09-25 09:50:36.076 &amp#27;[33mWARN &amp#27;[m [main] [sid=- rid=- prid=- agent=- turn=- tool=- llm=-] &amp#27;[36mcom.aicodeassistant.tool.verify.VerifyJourneyTool&amp#27;[m - Browser cleanup unconfirmed for resource rv-48d83fbe-0612-4035-9d32-1d96aaa3d59d; TTL remains a fallback
]]></system-out>
  </testcase>
  <testcase name="testPythonServiceUnreachable_returnsError" classname="com.aicodeassistant.verify.VerifyJourneyEdgeCaseTest" time="0.054">
    <system-out><![CDATA[2026-09-25 09:50:36.115 &amp#27;[32mINFO &amp#27;[m [main] [sid=- rid=- prid=- agent=- turn=- tool=- llm=-] &amp#27;[36mcom.aicodeassistant.tool.verify.VerifyJourneyTool&amp#27;[m - [RV-METRICS] verify_journey_failed session=session-edge step=-1/1 action=unknown category=TIMEOUT passed=0 timestamp=2026-09-25T01:50:36.115120Z errorLength=37 errorFingerprint=3482396bc76f64047f286a68cfafa407faf01799f6182ae5d70020ffada5c628
2026-09-25 09:50:36.142 &amp#27;[33mWARN &amp#27;[m [main] [sid=- rid=- prid=- agent=- turn=- tool=- llm=-] &amp#27;[36mcom.aicodeassistant.tool.verify.VerifyJourneyTool&amp#27;[m - Browser cleanup unconfirmed for resource rv-52801ec8-0204-41b5-bd1b-b1182efadece; TTL remains a fallback
]]></system-out>
  </testcase>
  <testcase name="testMissingJourneyField_returnsError" classname="com.aicodeassistant.verify.VerifyJourneyEdgeCaseTest" time="0.007"/>
</testsuite>