<?xml version="1.0" encoding="utf-8"?><testsuites><testsuite name="pytest" errors="0" failures="0" skipped="0" tests="65" time="2.185" timestamp="2026-09-25T10:18:08.790512+08:00" hostname="guoqingtaodeMacBook-Pro.local"><testcase classname="tests.test_browser_service_lifecycle" name="test_creation_failure_closes_obtained_context[ordinary-page]" time="0.006" /><testcase classname="tests.test_browser_service_lifecycle" name="test_creation_failure_closes_obtained_context[ordinary-script]" time="0.004" /><testcase classname="tests.test_browser_service_lifecycle" name="test_creation_failure_closes_obtained_context[journey-page]" time="0.005" /><testcase classname="tests.test_browser_service_lifecycle" name="test_creation_failure_closes_obtained_context[journey-script]" time="0.005" /><testcase classname="tests.test_browser_service_lifecycle" name="test_creation_failure_closes_obtained_context[journey-trace]" time="0.005" /><testcase classname="tests.test_browser_service_lifecycle" name="test_creation_cancel_closes_context_and_releases_capacity[ordinary]" time="0.005" /><testcase classname="tests.test_browser_service_lifecycle" name="test_creation_cancel_closes_context_and_releases_capacity[journey]" time="0.005" /><testcase classname="tests.test_browser_service_lifecycle" name="test_pending_creations_share_one_atomic_capacity[ordinary-ordinary]" time="0.005" /><testcase classname="tests.test_browser_service_lifecycle" name="test_pending_creations_share_one_atomic_capacity[ordinary-journey]" time="0.005" /><testcase classname="tests.test_browser_service_lifecycle" name="test_pending_creations_share_one_atomic_capacity[journey-ordinary]" time="0.005" /><testcase classname="tests.test_browser_service_lifecycle" name="test_pending_creations_share_one_atomic_capacity[journey-journey]" time="0.006" /><testcase classname="tests.test_browser_service_lifecycle" name="test_duplicate_journey_never_overwrites_existing_session" time="0.004" /><testcase classname="tests.test_browser_service_lifecycle" name="test_duplicate_pending_id_is_rejected" time="0.006" /><testcase classname="tests.test_browser_service_lifecycle" name="test_concurrent_ordinary_callers_share_one_creation" time="0.004" /><testcase classname="tests.test_browser_service_lifecycle" name="test_waiting_ordinary_caller_shares_failure_without_recreating[False]" time="0.005" /><testcase classname="tests.test_browser_service_lifecycle" name="test_waiting_ordinary_caller_shares_failure_without_recreating[True]" time="0.004" /><testcase classname="tests.test_browser_service_lifecycle" name="test_close_during_creation_prevents_late_registration_even_if_driver_swallows_cancel" time="0.005" /><testcase classname="tests.test_browser_service_lifecycle" name="test_owner_checked_close_cannot_close_another_session" time="0.003" /><testcase classname="tests.test_browser_service_lifecycle" name="test_expired_journey_is_protected_until_lease_release" time="0.005" /><testcase classname="tests.test_browser_service_lifecycle" name="test_expired_cleanup_failure_does_not_block_later_sessions_or_orphan_contexts" time="0.007" /><testcase classname="tests.test_browser_service_lifecycle" name="test_external_close_cancels_active_journey_owner" time="0.004" /><testcase classname="tests.test_browser_service_lifecycle" name="test_closed_journey_cannot_recreate_while_owner_still_holds_lease" time="0.006" /><testcase classname="tests.test_browser_service_lifecycle" name="test_launch_failure_or_cancel_stops_started_playwright[False]" time="0.003" /><testcase classname="tests.test_browser_service_lifecycle" name="test_launch_failure_or_cancel_stops_started_playwright[True]" time="0.002" /><testcase classname="tests.test_browser_service_lifecycle" name="test_shutdown_continues_after_context_and_browser_failures" time="0.006" /><testcase classname="tests.test_browser_service_lifecycle" name="test_cancelled_shutdown_still_releases_driver" time="0.005" /><testcase classname="tests.test_browser_service_lifecycle" name="test_close_timeout_is_bounded_and_retains_session_for_retry" time="0.056" /><testcase classname="tests.test_browser_service_lifecycle" name="test_failed_creation_cleanup_retains_capacity_until_browser_shutdown" time="0.005" /><testcase classname="tests.test_browser_service_lifecycle" name="test_real_playwright_failed_close_cannot_release_capacity_by_noop_retry[False]" time="0.008" /><testcase classname="tests.test_browser_service_lifecycle" name="test_real_playwright_failed_close_cannot_release_capacity_by_noop_retry[True]" time="0.006" /><testcase classname="tests.test_browser_service_lifecycle" name="test_failed_driver_stop_is_not_retried_as_latched_success" time="0.004" /><testcase classname="tests.test_browser_service_lifecycle" name="test_normal_lifecycle_can_restart_after_confirmed_shutdown[False]" time="0.012" /><testcase classname="tests.test_browser_service_lifecycle" name="test_normal_lifecycle_can_restart_after_confirmed_shutdown[True]" time="0.010" /><testcase classname="tests.test_browser_service_lifecycle" name="test_late_strict_snapshot_does_not_recreate_closed_session" time="0.003" /><testcase classname="tests.test_browser_service_lifecycle" name="test_failed_create_rollback_is_not_reported_as_successful_close" time="0.004" /><testcase classname="tests.test_browser_service_lifecycle" name="test_same_id_cannot_create_while_close_is_in_progress" time="0.004" /><testcase classname="tests.test_browser_service_lifecycle" name="test_repeated_close_and_shutdown_reuse_driver_task_without_cancelling[False]" time="0.212" /><testcase classname="tests.test_browser_service_lifecycle" name="test_repeated_close_and_shutdown_reuse_driver_task_without_cancelling[True]" time="0.218" /><testcase classname="tests.test_browser_service_lifecycle" name="test_concurrent_orphan_close_cannot_restore_ownership_after_shutdown[False]" time="0.111" /><testcase classname="tests.test_browser_service_lifecycle" name="test_concurrent_orphan_close_cannot_restore_ownership_after_shutdown[True]" time="0.112" /><testcase classname="tests.test_browser_service_lifecycle" name="test_creation_waiter_gets_failure_before_late_cleanup_finishes[False]" time="0.003" /><testcase classname="tests.test_browser_service_lifecycle" name="test_creation_waiter_gets_failure_before_late_cleanup_finishes[True]" time="0.004" /><testcase classname="tests.test_browser_service_lifecycle" name="test_cancelled_context_rpc_retains_capacity_until_late_context_is_closed[False-ordinary]" time="0.213" /><testcase classname="tests.test_browser_service_lifecycle" name="test_cancelled_context_rpc_retains_capacity_until_late_context_is_closed[False-journey]" time="0.210" /><testcase classname="tests.test_browser_service_lifecycle" name="test_cancelled_context_rpc_retains_capacity_until_late_context_is_closed[True-ordinary]" time="0.210" /><testcase classname="tests.test_browser_service_lifecycle" name="test_cancelled_context_rpc_retains_capacity_until_late_context_is_closed[True-journey]" time="0.210" /><testcase classname="tests.test_browser_service_lifecycle" name="test_shutdown_resolves_cancelled_context_rpc_without_returned_context" time="0.108" /><testcase classname="tests.test_browser_service_lifecycle" name="test_cancelled_start_retains_one_cleanup_until_driver_is_obtainable[False]" time="0.025" /><testcase classname="tests.test_browser_service_lifecycle" name="test_cancelled_start_retains_one_cleanup_until_driver_is_obtainable[True]" time="0.025" /><testcase classname="tests.test_journey_lifecycle" name="test_completed_result_keeps_context_for_java_snapshot[False]" time="0.003" /><testcase classname="tests.test_journey_lifecycle" name="test_completed_result_keeps_context_for_java_snapshot[True]" time="0.003" /><testcase classname="tests.test_journey_lifecycle" name="test_expired_request_never_creates_a_context" time="0.001" /><testcase classname="tests.test_journey_lifecycle" name="test_total_deadline_includes_screenshot_and_cleans_owned_context" time="0.023" /><testcase classname="tests.test_journey_lifecycle" name="test_creation_is_cancelled_and_joined_before_timeout_returns" time="0.023" /><testcase classname="tests.test_journey_lifecycle" name="test_route_cancellation_is_preserved_after_resource_cleanup" time="0.002" /><testcase classname="tests.test_journey_lifecycle" name="test_disconnect_cancels_work_and_closes_context" time="0.003" /><testcase classname="tests.test_journey_lifecycle" name="test_duplicate_creation_failure_does_not_close_other_owner" time="0.021" /><testcase classname="tests.test_journey_lifecycle" name="test_unexpected_post_step_failure_closes_context" time="0.002" /><testcase classname="tests.test_journey_lifecycle" name="test_cleanup_failure_does_not_replace_cancellation" time="0.006" /><testcase classname="tests.test_journey_lifecycle" name="test_real_registration_preserves_failure_snapshot_until_explicit_close" time="0.004" /><testcase classname="tests.test_journey_lifecycle" name="test_external_close_cancels_active_journey_without_recreating_context" time="0.005" /><testcase classname="tests.test_journey_publication" name="test_relative_navigation_uses_requested_server" time="0.002" /><testcase classname="tests.test_journey_publication" name="test_wait_for_can_match_hidden_loading_element" time="0.001" /><testcase classname="tests.test_journey_publication" name="test_console_errors_fail_journey_assertion" time="0.002" /><testcase classname="tests.test_journey_publication" name="test_timed_out_click_is_not_retried" time="0.002" /></testsuite></testsuites>