<?xml version="1.0" encoding="UTF-8"?>
<testsuite xmlns:xsi="http://www.w3.org/2001/XMLSchema-instance" xsi:noNamespaceSchemaLocation="https://maven.apache.org/surefire/maven-surefire-plugin/xsd/surefire-test-report.xsd" version="3.0.2" name="com.aicodeassistant.tool.process.ManagedProcessRunnerTest" time="6.121" tests="9" errors="0" skipped="0" failures="4">
  <properties>
[...]
</properties>
  <testcase name="enforcesDeadlineFromProcessStart" classname="com.aicodeassistant.tool.process.ManagedProcessRunnerTest" time="0.211"/>
  <testcase name="survivingChildRetainsLeaseAfterShellExitsOrIsKilled(boolean, Path)[1]" classname="com.aicodeassistant.tool.process.ManagedProcessRunnerTest" time="1.145">
    <failure message="&#10;Expecting value to be true but was false" type="org.opentest4j.AssertionFailedError"><![CDATA[org.opentest4j.AssertionFailedError: 

Expecting value to be true but was false
	at com.aicodeassistant.tool.process.ManagedProcessRunnerTest.survivingChildRetainsLeaseAfterShellExitsOrIsKilled(ManagedProcessRunnerTest.java:43)
	at java.base/java.lang.reflect.Method.invoke(Method.java:580)
	at java.base/java.util.stream.ForEachOps$ForEachOp$OfRef.accept(ForEachOps.java:184)
	at java.base/java.util.stream.ReferencePipeline$3$1.accept(ReferencePipeline.java:197)
	at java.base/java.util.stream.ReferencePipeline$2$1.accept(ReferencePipeline.java:179)
	at java.base/java.util.stream.ReferencePipeline$3$1.accept(ReferencePipeline.java:197)
	at java.base/java.util.stream.ForEachOps$ForEachOp$OfRef.accept(ForEachOps.java:184)
	at java.base/java.util.stream.ReferencePipeline$3$1.accept(ReferencePipeline.java:197)
	at java.base/java.util.stream.ForEachOps$ForEachOp$OfRef.accept(ForEachOps.java:184)
	at java.base/java.util.stream.ForEachOps$ForEachOp$OfRef.accept(ForEachOps.java:184)
	at java.base/java.util.stream.ReferencePipeline$3$1.accept(ReferencePipeline.java:197)
	at java.base/java.util.Spliterators$ArraySpliterator.forEachRemaining(Spliterators.java:1024)
	at java.base/java.util.stream.AbstractPipeline.copyInto(AbstractPipeline.java:509)
	at java.base/java.util.stream.AbstractPipeline.wrapAndCopyInto(AbstractPipeline.java:499)
	at java.base/java.util.stream.ForEachOps$ForEachOp.evaluateSequential(ForEachOps.java:151)
	at java.base/java.util.stream.ForEachOps$ForEachOp$OfRef.evaluateSequential(ForEachOps.java:174)
	at java.base/java.util.stream.AbstractPipeline.evaluate(AbstractPipeline.java:234)
	at java.base/java.util.stream.ReferencePipeline.forEach(ReferencePipeline.java:596)
	at java.base/java.util.stream.ReferencePipeline$7$1.accept(ReferencePipeline.java:276)
	at java.base/java.util.ArrayList$ArrayListSpliterator.forEachRemaining(ArrayList.java:1708)
	at java.base/java.util.stream.AbstractPipeline.copyInto(AbstractPipeline.java:509)
	at java.base/java.util.stream.AbstractPipeline.wrapAndCopyInto(AbstractPipeline.java:499)
	at java.base/java.util.stream.ForEachOps$ForEachOp.evaluateSequential(ForEachOps.java:151)
	at java.base/java.util.stream.ForEachOps$ForEachOp$OfRef.evaluateSequential(ForEachOps.java:174)
	at java.base/java.util.stream.AbstractPipeline.evaluate(AbstractPipeline.java:234)
	at java.base/java.util.stream.ReferencePipeline.forEach(ReferencePipeline.java:596)
	at java.base/java.util.stream.ReferencePipeline$7$1.accept(ReferencePipeline.java:276)
	at java.base/java.util.stream.ReferencePipeline$3$1.accept(ReferencePipeline.java:197)
	at java.base/java.util.stream.ReferencePipeline$3$1.accept(ReferencePipeline.java:197)
	at java.base/java.util.stream.ReferencePipeline$3$1.accept(ReferencePipeline.java:197)
	at java.base/java.util.ArrayList$ArrayListSpliterator.forEachRemaining(ArrayList.java:1708)
	at java.base/java.util.stream.AbstractPipeline.copyInto(AbstractPipeline.java:509)
	at java.base/java.util.stream.AbstractPipeline.wrapAndCopyInto(AbstractPipeline.java:499)
	at java.base/java.util.stream.ForEachOps$ForEachOp.evaluateSequential(ForEachOps.java:151)
	at java.base/java.util.stream.ForEachOps$ForEachOp$OfRef.evaluateSequential(ForEachOps.java:174)
	at java.base/java.util.stream.AbstractPipeline.evaluate(AbstractPipeline.java:234)
	at java.base/java.util.stream.ReferencePipeline.forEach(ReferencePipeline.java:596)
	at java.base/java.util.stream.ReferencePipeline$7$1.accept(ReferencePipeline.java:276)
	at java.base/java.util.ArrayList$ArrayListSpliterator.forEachRemaining(ArrayList.java:1708)
	at java.base/java.util.stream.AbstractPipeline.copyInto(AbstractPipeline.java:509)
	at java.base/java.util.stream.AbstractPipeline.wrapAndCopyInto(AbstractPipeline.java:499)
	at java.base/java.util.stream.ForEachOps$ForEachOp.evaluateSequential(ForEachOps.java:151)
	at java.base/java.util.stream.ForEachOps$ForEachOp$OfRef.evaluateSequential(ForEachOps.java:174)
	at java.base/java.util.stream.AbstractPipeline.evaluate(AbstractPipeline.java:234)
	at java.base/java.util.stream.ReferencePipeline.forEach(ReferencePipeline.java:596)
	at java.base/java.util.ArrayList.forEach(ArrayList.java:1596)
	at java.base/java.util.ArrayList.forEach(ArrayList.java:1596)
]]></failure>
    <system-out><![CDATA[2026-09-25 09:52:59.096 &amp#27;[33mWARN &amp#27;[m [background-group-80454] [sid=- rid=- prid=- agent=- turn=- tool=- llm=-] &amp#27;[36mcom.aicodeassistant.tool.process.BackgroundProcessGroup&amp#27;[m - Cannot confirm background group exit: 80454
java.io.IOException: PROCESS_GROUP_INSPECTION_FAILED
	at com.aicodeassistant.tool.process.BackgroundProcessGroup.command(BackgroundProcessGroup.java:121) ~[classes/:?]
	at com.aicodeassistant.tool.process.BackgroundProcessGroup.isAlive(BackgroundProcessGroup.java:107) ~[classes/:?]
	at com.aicodeassistant.tool.process.BackgroundProcessGroup.lambda$new$1(BackgroundProcessGroup.java:61) ~[classes/:?]
	at java.base/java.lang.VirtualThread.run(VirtualThread.java:329) ~[?:?]
]]></system-out>
  </testcase>
  <testcase name="survivingChildRetainsLeaseAfterShellExitsOrIsKilled(boolean, Path)[2]" classname="com.aicodeassistant.tool.process.ManagedProcessRunnerTest" time="0.808">
    <failure message="&#10;Expecting value to be true but was false" type="org.opentest4j.AssertionFailedError"><![CDATA[org.opentest4j.AssertionFailedError: 

Expecting value to be true but was false
	at com.aicodeassistant.tool.process.ManagedProcessRunnerTest.survivingChildRetainsLeaseAfterShellExitsOrIsKilled(ManagedProcessRunnerTest.java:43)
	at java.base/java.lang.reflect.Method.invoke(Method.java:580)
	at java.base/java.util.stream.ForEachOps$ForEachOp$OfRef.accept(ForEachOps.java:184)
	at java.base/java.util.stream.ReferencePipeline$3$1.accept(ReferencePipeline.java:197)
	at java.base/java.util.stream.ReferencePipeline$2$1.accept(ReferencePipeline.java:179)
	at java.base/java.util.stream.ReferencePipeline$3$1.accept(ReferencePipeline.java:197)
	at java.base/java.util.stream.ForEachOps$ForEachOp$OfRef.accept(ForEachOps.java:184)
	at java.base/java.util.stream.ReferencePipeline$3$1.accept(ReferencePipeline.java:197)
	at java.base/java.util.stream.ForEachOps$ForEachOp$OfRef.accept(ForEachOps.java:184)
	at java.base/java.util.stream.ForEachOps$ForEachOp$OfRef.accept(ForEachOps.java:184)
	at java.base/java.util.stream.ReferencePipeline$3$1.accept(ReferencePipeline.java:197)
	at java.base/java.util.Spliterators$ArraySpliterator.forEachRemaining(Spliterators.java:1024)
	at java.base/java.util.stream.AbstractPipeline.copyInto(AbstractPipeline.java:509)
	at java.base/java.util.stream.AbstractPipeline.wrapAndCopyInto(AbstractPipeline.java:499)
	at java.base/java.util.stream.ForEachOps$ForEachOp.evaluateSequential(ForEachOps.java:151)
	at java.base/java.util.stream.ForEachOps$ForEachOp$OfRef.evaluateSequential(ForEachOps.java:174)
	at java.base/java.util.stream.AbstractPipeline.evaluate(AbstractPipeline.java:234)
	at java.base/java.util.stream.ReferencePipeline.forEach(ReferencePipeline.java:596)
	at java.base/java.util.stream.ReferencePipeline$7$1.accept(ReferencePipeline.java:276)
	at java.base/java.util.ArrayList$ArrayListSpliterator.forEachRemaining(ArrayList.java:1708)
	at java.base/java.util.stream.AbstractPipeline.copyInto(AbstractPipeline.java:509)
	at java.base/java.util.stream.AbstractPipeline.wrapAndCopyInto(AbstractPipeline.java:499)
	at java.base/java.util.stream.ForEachOps$ForEachOp.evaluateSequential(ForEachOps.java:151)
	at java.base/java.util.stream.ForEachOps$ForEachOp$OfRef.evaluateSequential(ForEachOps.java:174)
	at java.base/java.util.stream.AbstractPipeline.evaluate(AbstractPipeline.java:234)
	at java.base/java.util.stream.ReferencePipeline.forEach(ReferencePipeline.java:596)
	at java.base/java.util.stream.ReferencePipeline$7$1.accept(ReferencePipeline.java:276)
	at java.base/java.util.stream.ReferencePipeline$3$1.accept(ReferencePipeline.java:197)
	at java.base/java.util.stream.ReferencePipeline$3$1.accept(ReferencePipeline.java:197)
	at java.base/java.util.stream.ReferencePipeline$3$1.accept(ReferencePipeline.java:197)
	at java.base/java.util.ArrayList$ArrayListSpliterator.forEachRemaining(ArrayList.java:1708)
	at java.base/java.util.stream.AbstractPipeline.copyInto(AbstractPipeline.java:509)
	at java.base/java.util.stream.AbstractPipeline.wrapAndCopyInto(AbstractPipeline.java:499)
	at java.base/java.util.stream.ForEachOps$ForEachOp.evaluateSequential(ForEachOps.java:151)
	at java.base/java.util.stream.ForEachOps$ForEachOp$OfRef.evaluateSequential(ForEachOps.java:174)
	at java.base/java.util.stream.AbstractPipeline.evaluate(AbstractPipeline.java:234)
	at java.base/java.util.stream.ReferencePipeline.forEach(ReferencePipeline.java:596)
	at java.base/java.util.stream.ReferencePipeline$7$1.accept(ReferencePipeline.java:276)
	at java.base/java.util.ArrayList$ArrayListSpliterator.forEachRemaining(ArrayList.java:1708)
	at java.base/java.util.stream.AbstractPipeline.copyInto(AbstractPipeline.java:509)
	at java.base/java.util.stream.AbstractPipeline.wrapAndCopyInto(AbstractPipeline.java:499)
	at java.base/java.util.stream.ForEachOps$ForEachOp.evaluateSequential(ForEachOps.java:151)
	at java.base/java.util.stream.ForEachOps$ForEachOp$OfRef.evaluateSequential(ForEachOps.java:174)
	at java.base/java.util.stream.AbstractPipeline.evaluate(AbstractPipeline.java:234)
	at java.base/java.util.stream.ReferencePipeline.forEach(ReferencePipeline.java:596)
	at java.base/java.util.ArrayList.forEach(ArrayList.java:1596)
	at java.base/java.util.ArrayList.forEach(ArrayList.java:1596)
]]></failure>
    <system-out><![CDATA[2026-09-25 09:52:59.635 &amp#27;[33mWARN &amp#27;[m [background-group-80484] [sid=- rid=- prid=- agent=- turn=- tool=- llm=-] &amp#27;[36mcom.aicodeassistant.tool.process.BackgroundProcessGroup&amp#27;[m - Cannot confirm background group exit: 80484
java.io.IOException: PROCESS_GROUP_INSPECTION_FAILED
	at com.aicodeassistant.tool.process.BackgroundProcessGroup.command(BackgroundProcessGroup.java:121) ~[classes/:?]
	at com.aicodeassistant.tool.process.BackgroundProcessGroup.isAlive(BackgroundProcessGroup.java:107) ~[classes/:?]
	at com.aicodeassistant.tool.process.BackgroundProcessGroup.lambda$new$1(BackgroundProcessGroup.java:61) ~[classes/:?]
	at java.base/java.lang.VirtualThread.run(VirtualThread.java:329) ~[?:?]
]]></system-out>
  </testcase>
  <testcase name="backgroundProcessRemainsOwnedAndIsCancelledWithItsRun" classname="com.aicodeassistant.tool.process.ManagedProcessRunnerTest" time="0.095">
    <failure message="&#10;Expecting value to be true but was false" type="org.opentest4j.AssertionFailedError"><![CDATA[org.opentest4j.AssertionFailedError: 

Expecting value to be true but was false
	at com.aicodeassistant.tool.process.ManagedProcessRunnerTest.backgroundProcessRemainsOwnedAndIsCancelledWithItsRun(ManagedProcessRunnerTest.java:137)
	at java.base/java.lang.reflect.Method.invoke(Method.java:580)
	at java.base/java.util.ArrayList.forEach(ArrayList.java:1596)
	at java.base/java.util.ArrayList.forEach(ArrayList.java:1596)
]]></failure>
    <system-out><![CDATA[2026-09-25 09:53:00.448 &amp#27;[33mWARN &amp#27;[m [background-group-80526] [sid=- rid=- prid=- agent=- turn=- tool=- llm=-] &amp#27;[36mcom.aicodeassistant.tool.process.BackgroundProcessGroup&amp#27;[m - Cannot confirm background group exit: 80526
java.io.IOException: PROCESS_GROUP_INSPECTION_FAILED
	at com.aicodeassistant.tool.process.BackgroundProcessGroup.command(BackgroundProcessGroup.java:121) ~[classes/:?]
	at com.aicodeassistant.tool.process.BackgroundProcessGroup.isAlive(BackgroundProcessGroup.java:107) ~[classes/:?]
	at com.aicodeassistant.tool.process.BackgroundProcessGroup.lambda$new$1(BackgroundProcessGroup.java:61) ~[classes/:?]
	at java.base/java.lang.VirtualThread.run(VirtualThread.java:329) ~[?:?]
]]></system-out>
  </testcase>
  <testcase name="backgroundSessionLeaseOutlivesLaunchAndReleasesOnlyOnProcessExit" classname="com.aicodeassistant.tool.process.ManagedProcessRunnerTest" time="3.085">
    <failure message="&#10;Expecting actual not to be null" type="java.lang.AssertionError"><![CDATA[java.lang.AssertionError: 

Expecting actual not to be null
	at com.aicodeassistant.tool.process.ManagedProcessRunnerTest.backgroundSessionLeaseOutlivesLaunchAndReleasesOnlyOnProcessExit(ManagedProcessRunnerTest.java:87)
	at java.base/java.lang.reflect.Method.invoke(Method.java:580)
	at java.base/java.util.ArrayList.forEach(ArrayList.java:1596)
	at java.base/java.util.ArrayList.forEach(ArrayList.java:1596)
]]></failure>
    <system-out><![CDATA[2026-09-25 09:53:00.547 &amp#27;[33mWARN &amp#27;[m [background-group-80544] [sid=- rid=- prid=- agent=- turn=- tool=- llm=-] &amp#27;[36mcom.aicodeassistant.tool.process.BackgroundProcessGroup&amp#27;[m - Cannot confirm background group exit: 80544
java.io.IOException: PROCESS_GROUP_INSPECTION_FAILED
	at com.aicodeassistant.tool.process.BackgroundProcessGroup.command(BackgroundProcessGroup.java:121) ~[classes/:?]
	at com.aicodeassistant.tool.process.BackgroundProcessGroup.isAlive(BackgroundProcessGroup.java:107) ~[classes/:?]
	at com.aicodeassistant.tool.process.BackgroundProcessGroup.lambda$new$1(BackgroundProcessGroup.java:61) ~[classes/:?]
	at java.base/java.lang.VirtualThread.run(VirtualThread.java:329) ~[?:?]
]]></system-out>
  </testcase>
  <testcase name="concurrentCancellationWaitsForTheSingleCleanupOwner" classname="com.aicodeassistant.tool.process.ManagedProcessRunnerTest" time="0.195"/>
  <testcase name="failedBackgroundLaunchReleasesSessionLease" classname="com.aicodeassistant.tool.process.ManagedProcessRunnerTest" time="0.014"/>
  <testcase name="drainsStdoutAndStderrWithoutDeadlock" classname="com.aicodeassistant.tool.process.ManagedProcessRunnerTest" time="0.019"/>
  <testcase name="cancellationIsDistinguishedFromTimeout" classname="com.aicodeassistant.tool.process.ManagedProcessRunnerTest" time="0.107"/>
</testsuite>